
> shil-solar@1.0.0 build
> vite build

[36mvite v5.4.21 [32mbuilding for production...[36m[39m
transforming...
[32m✓[39m 518 modules transformed.
rendering chunks...
computing gzip size...
[2mdist/[22m[32mindex.html                                 [39m[1m[2m  1.19 kB[22m[1m[22m[2m │ gzip:   0.64 kB[22m
[2mdist/[22m[2massets/[22m[35mindex-Dq5xP92B.css                  [39m[1m[2m464.70 kB[22m[1m[22m[2m │ gzip:  77.53 kB[22m
[2mdist/[22m[2massets/[22m[36mCloudProjectRepository-DcUILe-l.js  [39m[1m[2m  1.68 kB[22m[1m[22m[2m │ gzip:   0.71 kB[22m
[2mdist/[22m[2massets/[22m[36mEducationPage-BL-3xrym.js           [39m[1m[2m  1.76 kB[22m[1m[22m[2m │ gzip:   0.91 kB[22m
[2mdist/[22m[2massets/[22m[36mexportEngineeringPdf-Buf7pYcw.js    [39m[1m[2m  1.83 kB[22m[1m[22m[2m │ gzip:   1.06 kB[22m
[2mdist/[22m[2massets/[22m[36mai-assistant-CcQz6zpR.js            [39m[1m[2m  2.02 kB[22m[1m[22m[2m │ gzip:   1.16 kB[22m
[2mdist/[22m[2massets/[22m[36mEquipmentRepository-CXCliqNJ.js     [39m[1m[2m  2.58 kB[22m[1m[22m[2m │ gzip:   1.13 kB[22m
[2mdist/[22m[2massets/[22m[36mProjectsHubPage-CWv7KiH7.js         [39m[1m[2m  2.83 kB[22m[1m[22m[2m │ gzip:   1.17 kB[22m
[2mdist/[22m[2massets/[22m[36mContactPage-CLtNbb6e.js             [39m[1m[2m  3.31 kB[22m[1m[22m[2m │ gzip:   1.36 kB[22m
[2mdist/[22m[2massets/[22m[36mFeedbackPage-Dr5CKXCh.js            [39m[1m[2m  4.71 kB[22m[1m[22m[2m │ gzip:   2.24 kB[22m
[2mdist/[22m[2massets/[22m[36musageTracker-DUKg6Qad.js            [39m[1m[2m  4.74 kB[22m[1m[22m[2m │ gzip:   2.10 kB[22m
[2mdist/[22m[2massets/[22m[36mEquipmentLibraryPage-CI-KeR78.js    [39m[1m[2m  5.84 kB[22m[1m[22m[2m │ gzip:   2.41 kB[22m
[2mdist/[22m[2massets/[22m[36mReadyScenariosPage-tpby4uwh.js      [39m[1m[2m  6.72 kB[22m[1m[22m[2m │ gzip:   2.66 kB[22m
[2mdist/[22m[2massets/[22m[36mindex-BYgnNjZT.js                   [39m[1m[2m 16.54 kB[22m[1m[22m[2m │ gzip:   5.89 kB[22m
[2mdist/[22m[2massets/[22m[36mpurify.es-BwoZCkIS.js               [39m[1m[2m 22.03 kB[22m[1m[22m[2m │ gzip:   8.77 kB[22m
[2mdist/[22m[2massets/[22m[36madmin-panel-CtRrADaK.js             [39m[1m[2m 27.55 kB[22m[1m[22m[2m │ gzip:   9.07 kB[22m
[2mdist/[22m[2massets/[22m[36mOutputPage-D6nON6Fp.js              [39m[1m[2m 42.52 kB[22m[1m[22m[2m │ gzip:  11.39 kB[22m
[2mdist/[22m[2massets/[22m[36mProjectWorkspacePage-B_YZF-Np.js    [39m[1m[2m102.82 kB[22m[1m[22m[2m │ gzip:  28.70 kB[22m
[2mdist/[22m[2massets/[22m[36mengineering-core--i46_btl.js        [39m[1m[2m129.82 kB[22m[1m[22m[2m │ gzip:  41.39 kB[22m
[2mdist/[22m[2massets/[22m[36mengineering-seeds-CQ8MD5Lv.js       [39m[1m[2m133.56 kB[22m[1m[22m[2m │ gzip:  22.29 kB[22m
[2mdist/[22m[2massets/[22m[36mreact-vendor-DAXJ19zV.js            [39m[1m[2m141.96 kB[22m[1m[22m[2m │ gzip:  45.48 kB[22m
[2mdist/[22m[2massets/[22m[36mindex.es-B2Ps-_Y6.js                [39m[1m[2m150.81 kB[22m[1m[22m[2m │ gzip:  51.61 kB[22m
[2mdist/[22m[2massets/[22m[36mpdf-html2canvas-CBrSDip1.js         [39m[1m[2m201.42 kB[22m[1m[22m[2m │ gzip:  48.03 kB[22m
[2mdist/[22m[2massets/[22m[36msupabase-B0jNjBNl.js                [39m[1m[2m207.05 kB[22m[1m[22m[2m │ gzip:  53.64 kB[22m
[2mdist/[22m[2massets/[22m[36mpdf-jspdf-Bl7Zz5f2.js               [39m[1m[2m357.77 kB[22m[1m[22m[2m │ gzip: 118.05 kB[22m
[32m✓ built in 11.77s[39m
