
> shil-solar@1.0.0 build
> vite build

[36mvite v5.4.21 [32mbuilding for production...[36m[39m
transforming...
[32m✓[39m 525 modules transformed.
rendering chunks...
[1m[33m[plugin:vite:reporter][39m[22m [33m[plugin vite:reporter] 
(!) /mnt/data/v22_work/SMART_SHIL_SOLAR_MOBILE_V22_INFRASTRUCTURE_PWA_ACCESSIBILITY/src/shared/lib/usageTracker.js is dynamically imported by /mnt/data/v22_work/SMART_SHIL_SOLAR_MOBILE_V22_INFRASTRUCTURE_PWA_ACCESSIBILITY/src/app/store/projectStore.jsx but also statically imported by /mnt/data/v22_work/SMART_SHIL_SOLAR_MOBILE_V22_INFRASTRUCTURE_PWA_ACCESSIBILITY/src/shared/components/OfflineStatus.jsx, dynamic import will not move module into another chunk.
[39m
computing gzip size...
[2mdist/[22m[32mindex.html                                 [39m[1m[2m  1.28 kB[22m[1m[22m[2m │ gzip:   0.65 kB[22m
[2mdist/[22m[2massets/[22m[35mindex-Cig_uui5.css                  [39m[1m[2m513.50 kB[22m[1m[22m[2m │ gzip:  84.75 kB[22m
[2mdist/[22m[2massets/[22m[36mexportEngineeringPdf-1Bi2coST.js    [39m[1m[2m  1.72 kB[22m[1m[22m[2m │ gzip:   1.01 kB[22m
[2mdist/[22m[2massets/[22m[36mCloudProjectRepository-BMqFB9R0.js  [39m[1m[2m  1.75 kB[22m[1m[22m[2m │ gzip:   0.74 kB[22m
[2mdist/[22m[2massets/[22m[36mpurify.es-BwoZCkIS.js               [39m[1m[2m 22.03 kB[22m[1m[22m[2m │ gzip:   8.77 kB[22m
[2mdist/[22m[2massets/[22m[36mengineering-engine-Cp6eC5Oh.js      [39m[1m[2m126.87 kB[22m[1m[22m[2m │ gzip:  40.38 kB[22m
[2mdist/[22m[2massets/[22m[36mengineering-seeds-CQ8MD5Lv.js       [39m[1m[2m133.56 kB[22m[1m[22m[2m │ gzip:  22.29 kB[22m
[2mdist/[22m[2massets/[22m[36mreact-vendor-DAXJ19zV.js            [39m[1m[2m141.96 kB[22m[1m[22m[2m │ gzip:  45.48 kB[22m
[2mdist/[22m[2massets/[22m[36mindex.es-Dryj5vCZ.js                [39m[1m[2m150.73 kB[22m[1m[22m[2m │ gzip:  51.57 kB[22m
[2mdist/[22m[2massets/[22m[36mpdf-html2canvas-CBrSDip1.js         [39m[1m[2m201.42 kB[22m[1m[22m[2m │ gzip:  48.03 kB[22m
[2mdist/[22m[2massets/[22m[36msupabase-B0jNjBNl.js                [39m[1m[2m207.05 kB[22m[1m[22m[2m │ gzip:  53.64 kB[22m
[2mdist/[22m[2massets/[22m[36mindex-BD7B4PEU.js                   [39m[1m[2m227.16 kB[22m[1m[22m[2m │ gzip:  64.08 kB[22m
[2mdist/[22m[2massets/[22m[36mpdf-jspdf-Cr2oo5Rs.js               [39m[1m[2m358.67 kB[22m[1m[22m[2m │ gzip: 118.52 kB[22m
[32m✓ built in 6.30s[39m
